#
# A fatal error has been detected by the Java Runtime Environment:
#
#  SIGSEGV (0xb) at pc=0x000000010e2b1e84, pid=22039, tid=19459
#
# JRE version: Java(TM) SE Runtime Environment (7.0_67-b01) (build 1.7.0_67-b01)
# Java VM: Java HotSpot(TM) 64-Bit Server VM (24.65-b04 mixed mode bsd-amd64 compressed oops)
# Problematic frame:
# V  [libjvm.dylib+0x2b1e84]
#
# Failed to write core dump. Core dumps have been disabled. To enable core dumping, try "ulimit -c unlimited" before starting Java again
#
# If you would like to submit a bug report, please visit:
#   http://bugreport.sun.com/bugreport/crash.jsp
#

---------------  T H R E A D  ---------------

Current thread (0x00007fc1d0021000):  JavaThread "JDWP Transport Listener: dt_socket" daemon [_thread_in_vm, id=19459, stack(0x0000700001449000,0x0000700001549000)]

siginfo:si_signo=SIGSEGV: si_errno=0, si_code=1 (SEGV_MAPERR), si_addr=0x000000000000000c

Registers:
RAX=0x0000000000000000, RBX=0x00000007d555f4f8, RCX=0x000000000000000c, RDX=0x0000000000000000
RSP=0x0000700001548a10, RBP=0x0000700001548a10, RSI=0x00007fc1cee10c18, RDI=0x00000007d555f4f8
R8 =0x0000000000000000, R9 =0x00007fc1ced118f0, R10=0x00000000ffffff00, R11=0xfffff03e326312f0
R12=0x00007fc1d0021000, R13=0x00007fc1cef18140, R14=0x0000000000000000, R15=0x0000000000000000
RIP=0x000000010e2b1e84, EFLAGS=0x0000000000010202, ERR=0x0000000000000004
  TRAPNO=0x000000000000000e

Top of Stack: (sp=0x0000700001548a10)
0x0000700001548a10:   0000700001548a40 000000010e2e17be
0x0000700001548a20:   0000000000000000 0000000000000000
0x0000700001548a30:   00000007d555f4f8 00007fc1d00211e8
0x0000700001548a40:   0000700001548ab0 000000010e309086
0x0000700001548a50:   00007fc1d0021000 00007fc1d0021000
0x0000700001548a60:   0000000000000000 0000000000000000
0x0000700001548a70:   00007fc1d00211e8 00007fc1d0021000
0x0000700001548a80:   00007fc1d0021000 0000700001548b08
0x0000700001548a90:   00007fc1cee10c18 00007fc1cef18140
0x0000700001548aa0:   0000700001548c90 00007fc1d00211e8
0x0000700001548ab0:   0000700001548ae0 000000010ceb84be
0x0000700001548ac0:   0000700001548c90 000000010ced8dc2
0x0000700001548ad0:   0000700001548b08 000000010cee4588
0x0000700001548ae0:   0000700001548d00 000000010cebf642
0x0000700001548af0:   00000b3600000013 0000000000010a00
0x0000700001548b00:   00007fc1cef17780 0000700001548b58
0x0000700001548b10:   00007fc10000012c 0000700001548b20
0x0000700001548b20:   00007fc100000000 0000700001548b58
0x0000700001548b30:   0000000000000000 0000000000000000
0x0000700001548b40:   00000b3600000018 00007fc10000de80
0x0000700001548b50:   0000700001548b58 0000005b01000000
0x0000700001548b60:   4200002c00000000 000000000a000000
0x0000700001548b70:   c000000000000000 0400000000000000
0x0000700001548b80:   00000000020c0000 c100000009000000
0x0000700001548b90:   0d00000000000000 00000000c2000000
0x0000700001548ba0:   c400000016000000 1a00000000000000
0x0000700001548bb0:   00000000c5000000 c800000023000000
0x0000700001548bc0:   2b00000000000000 00000000c9000000
0x0000700001548bd0:   cb00000036000000 4200000000000000
0x0000700001548be0:   04002b00cc000000 0000000000000001
0x0000700001548bf0:   56d0cec17f00000e 0000000000000010
0x0000700001548c00:   0300000065646f0d 0000000000492928 

Instructions: (pc=0x000000010e2b1e84)
0x000000010e2b1e64:   eb 16 48 8d 35 c3 79 4c 00 8a 4e 08 48 d3 e2 48
0x000000010e2b1e74:   03 16 eb 04 48 8b 14 0f 84 c0 0f 94 c0 0f b6 c0
0x000000010e2b1e84:   8b 44 82 0c 5d c3 8b 04 07 5d c3 90 55 48 89 e5
0x000000010e2b1e94:   f6 87 8d 00 00 00 02 75 04 31 ff eb 23 48 63 87 

Register to memory mapping:

RAX=0x0000000000000000 is an unknown value
RBX=0x00000007d555f4f8 is an oop
java.lang.String 
 - klass: 'java/lang/String'
RCX=0x000000000000000c is an unknown value
RDX=0x0000000000000000 is an unknown value
RSP=0x0000700001548a10 is pointing into the stack for thread: 0x00007fc1d0021000
RBP=0x0000700001548a10 is pointing into the stack for thread: 0x00007fc1d0021000
RSI=0x00007fc1cee10c18 is a global jni handle
RDI=0x00000007d555f4f8 is an oop
java.lang.String 
 - klass: 'java/lang/String'
R8 =0x0000000000000000 is an unknown value
R9 =0x00007fc1ced118f0 is an unknown value
R10=0x00000000ffffff00 is an unknown value
R11=0xfffff03e326312f0 is an unknown value
R12=0x00007fc1d0021000 is a thread
R13=0x00007fc1cef18140 is an unknown value
R14=0x0000000000000000 is an unknown value
R15=0x0000000000000000 is an unknown value


Stack: [0x0000700001449000,0x0000700001549000],  sp=0x0000700001548a10,  free space=1022k
Native frames: (J=compiled Java code, j=interpreted, Vv=VM code, C=native code)
V  [libjvm.dylib+0x2b1e84]
V  [libjvm.dylib+0x2e17be]
V  [libjvm.dylib+0x309086]
C  [libjdwp.dylib+0x74be]  value+0x96
C  [libjdwp.dylib+0xe642]  debugLoop_run+0x1ce
C  [libjdwp.dylib+0x1f0e2]  attachThread+0x4d
V  [libjvm.dylib+0x3781c2]
V  [libjvm.dylib+0x4f5855]
V  [libjvm.dylib+0x4f6f5d]
V  [libjvm.dylib+0x420772]
C  [libsystem_pthread.dylib+0x393b]  _pthread_body+0xb4
C  [libsystem_pthread.dylib+0x3887]  _pthread_body+0x0
C  [libsystem_pthread.dylib+0x308d]  thread_start+0xd


---------------  P R O C E S S  ---------------

Java Threads: ( => current thread )
  0x00007fc1d3005000 JavaThread "Service Thread" daemon [_thread_blocked, id=22019, stack(0x0000700001958000,0x0000700001a58000)]
  0x00007fc1d101c800 JavaThread "C2 CompilerThread1" daemon [_thread_blocked, id=21507, stack(0x0000700001855000,0x0000700001955000)]
  0x00007fc1d200b000 JavaThread "C2 CompilerThread0" daemon [_thread_blocked, id=20995, stack(0x0000700001752000,0x0000700001852000)]
  0x00007fc1d0022000 JavaThread "JDWP Command Reader" daemon [_thread_in_native, id=20483, stack(0x000070000164f000,0x000070000174f000)]
  0x00007fc1d1011800 JavaThread "JDWP Event Helper Thread" daemon [_thread_blocked, id=19971, stack(0x000070000154c000,0x000070000164c000)]
=>0x00007fc1d0021000 JavaThread "JDWP Transport Listener: dt_socket" daemon [_thread_in_vm, id=19459, stack(0x0000700001449000,0x0000700001549000)]
  0x00007fc1d001a000 JavaThread "Signal Dispatcher" daemon [_thread_blocked, id=18947, stack(0x0000700001346000,0x0000700001446000)]
  0x00007fc1d1008800 JavaThread "Finalizer" daemon [_thread_blocked, id=14595, stack(0x00007000011c0000,0x00007000012c0000)]
  0x00007fc1d1002000 JavaThread "Reference Handler" daemon [_thread_blocked, id=14083, stack(0x00007000010bd000,0x00007000011bd000)]
  0x00007fc1d3000000 JavaThread "main" [_thread_blocked, id=7171, stack(0x000070000069f000,0x000070000079f000)]

Other Threads:
  0x00007fc1d2003800 VMThread [stack: 0x0000700000fba000,0x00007000010ba000] [id=13571]
  0x00007fc1cf032000 WatcherThread [stack: 0x0000700001a5b000,0x0000700001b5b000] [id=22531]

VM state:not at safepoint (normal execution)

VM Mutex/Monitor currently owned by a thread: None

Heap
 PSYoungGen      total 38912K, used 2027K [0x00000007d5500000, 0x00000007d8000000, 0x0000000800000000)
  eden space 33792K, 6% used [0x00000007d5500000,0x00000007d56faf48,0x00000007d7600000)
  from space 5120K, 0% used [0x00000007d7b00000,0x00000007d7b00000,0x00000007d8000000)
  to   space 5120K, 0% used [0x00000007d7600000,0x00000007d7600000,0x00000007d7b00000)
 ParOldGen       total 87040K, used 0K [0x0000000780000000, 0x0000000785500000, 0x00000007d5500000)
  object space 87040K, 0% used [0x0000000780000000,0x0000000780000000,0x0000000785500000)
 PSPermGen       total 21504K, used 2596K [0x000000077ae00000, 0x000000077c300000, 0x0000000780000000)
  object space 21504K, 12% used [0x000000077ae00000,0x000000077b089058,0x000000077c300000)

Card table byte_map: [0x0000000111a5f000,0x0000000111e89000] byte_map_base: 0x000000010de88000

Polling page: 0x000000010ceb0000

Code Cache  [0x000000010ea5f000, 0x000000010eccf000, 0x0000000111a5f000)
 total_blobs=157 nmethods=0 adapters=135 free_code_cache=48777Kb largest_free_block=49947584

Compilation events (0 events):
No events

GC Heap History (0 events):
No events

Deoptimization events (0 events):
No events

Internal exceptions (2 events):
Event: 0.191 Thread 0x00007fc1d3000000 Threw 0x00000007d55105a8 at /HUDSON/workspace/7u-2-build-macosx-x86_64/jdk7u67/1368/hotspot/src/share/vm/prims/jni.cpp:3991
Event: 0.413 Thread 0x00007fc1d3000000 Threw 0x00000007d55599e0 at /HUDSON/workspace/7u-2-build-macosx-x86_64/jdk7u67/1368/hotspot/src/share/vm/prims/jvm.cpp:1244

Events (10 events):
Event: 804.059 Executing VM operation: ChangeSingleStep
Event: 804.059 Executing VM operation: ChangeSingleStep done
Event: 804.059 Executing VM operation: ChangeSingleStep
Event: 804.059 Executing VM operation: ChangeSingleStep done
Event: 804.103 Executing VM operation: GetOrSetLocal
Event: 804.103 Executing VM operation: GetOrSetLocal done
Event: 804.251 Executing VM operation: GetOrSetLocal
Event: 804.251 Executing VM operation: GetOrSetLocal done
Event: 805.276 Executing VM operation: GetOrSetLocal
Event: 805.277 Executing VM operation: GetOrSetLocal done


Dynamic libraries:
0x000000005b559000 	/System/Library/Frameworks/Cocoa.framework/Versions/A/Cocoa
0x000000005b559000 	/System/Library/Frameworks/Security.framework/Versions/A/Security
0x000000005b559000 	/System/Library/Frameworks/ApplicationServices.framework/Versions/A/ApplicationServices
0x000000005b559000 	/usr/lib/libz.1.dylib
0x000000005b559000 	/usr/lib/libSystem.B.dylib
0x000000005b559000 	/usr/lib/libobjc.A.dylib
0x000000005b559000 	/System/Library/Frameworks/CoreFoundation.framework/Versions/A/CoreFoundation
0x000000005b559000 	/System/Library/Frameworks/Foundation.framework/Versions/C/Foundation
0x000000005b559000 	/System/Library/Frameworks/AppKit.framework/Versions/C/AppKit
0x000000005b559000 	/System/Library/Frameworks/CoreData.framework/Versions/A/CoreData
0x000000005b559000 	/System/Library/PrivateFrameworks/RemoteViewServices.framework/Versions/A/RemoteViewServices
0x000000005b559000 	/System/Library/PrivateFrameworks/UIFoundation.framework/Versions/A/UIFoundation
0x000000005b559000 	/System/Library/PrivateFrameworks/DFRFoundation.framework/Versions/A/DFRFoundation
0x000000005b559000 	/usr/lib/libenergytrace.dylib
0x000000005b559000 	/System/Library/PrivateFrameworks/SkyLight.framework/Versions/A/SkyLight
0x000000005b559000 	/System/Library/Frameworks/CoreGraphics.framework/Versions/A/CoreGraphics
0x000000005b559000 	/usr/lib/libScreenReader.dylib
0x000000005b559000 	/System/Library/Frameworks/Accelerate.framework/Versions/A/Accelerate
0x000000005b559000 	/System/Library/Frameworks/IOSurface.framework/Versions/A/IOSurface
0x000000005b559000 	/System/Library/Frameworks/AudioToolbox.framework/Versions/A/AudioToolbox
0x000000005b559000 	/System/Library/Frameworks/AudioUnit.framework/Versions/A/AudioUnit
0x000000005b559000 	/System/Library/PrivateFrameworks/DataDetectorsCore.framework/Versions/A/DataDetectorsCore
0x000000005b559000 	/System/Library/PrivateFrameworks/DesktopServicesPriv.framework/Versions/A/DesktopServicesPriv
0x000000005b559000 	/System/Library/Frameworks/Carbon.framework/Versions/A/Frameworks/HIToolbox.framework/Versions/A/HIToolbox
0x000000005b559000 	/usr/lib/libicucore.A.dylib
0x000000005b559000 	/System/Library/Frameworks/QuartzCore.framework/Versions/A/QuartzCore
0x000000005b559000 	/System/Library/Frameworks/Carbon.framework/Versions/A/Frameworks/SpeechRecognition.framework/Versions/A/SpeechRecognition
0x000000005b559000 	/usr/lib/libauto.dylib
0x000000005b559000 	/usr/lib/libxml2.2.dylib
0x000000005b559000 	/System/Library/PrivateFrameworks/CoreUI.framework/Versions/A/CoreUI
0x000000005b559000 	/System/Library/Frameworks/CoreAudio.framework/Versions/A/CoreAudio
0x000000005b559000 	/System/Library/Frameworks/DiskArbitration.framework/Versions/A/DiskArbitration
0x000000005b559000 	/usr/lib/liblangid.dylib
0x000000005b559000 	/System/Library/PrivateFrameworks/MultitouchSupport.framework/Versions/A/MultitouchSupport
0x000000005b559000 	/System/Library/Frameworks/IOKit.framework/Versions/A/IOKit
0x000000005b559000 	/usr/lib/libDiagnosticMessagesClient.dylib
0x000000005b559000 	/System/Library/Frameworks/CoreServices.framework/Versions/A/CoreServices
0x000000005b559000 	/System/Library/PrivateFrameworks/PerformanceAnalysis.framework/Versions/A/PerformanceAnalysis
0x000000005b559000 	/System/Library/PrivateFrameworks/GenerationalStorage.framework/Versions/A/GenerationalStorage
0x000000005b559000 	/System/Library/Frameworks/OpenGL.framework/Versions/A/OpenGL
0x000000005b559000 	/System/Library/Frameworks/CoreImage.framework/Versions/A/CoreImage
0x000000005b559000 	/System/Library/Frameworks/CoreText.framework/Versions/A/CoreText
0x000000005b559000 	/System/Library/Frameworks/ImageIO.framework/Versions/A/ImageIO
0x000000005b559000 	/System/Library/PrivateFrameworks/Backup.framework/Versions/A/Backup
0x000000005b559000 	/usr/lib/libarchive.2.dylib
0x000000005b559000 	/System/Library/Frameworks/CFNetwork.framework/Versions/A/CFNetwork
0x000000005b559000 	/System/Library/Frameworks/SystemConfiguration.framework/Versions/A/SystemConfiguration
0x000000005b559000 	/usr/lib/libCRFSuite.dylib
0x000000005b559000 	/usr/lib/libc++.1.dylib
0x000000005b559000 	/usr/lib/libc++abi.dylib
0x000000005b559000 	/usr/lib/system/libcache.dylib
0x000000005b559000 	/usr/lib/system/libcommonCrypto.dylib
0x000000005b559000 	/usr/lib/system/libcompiler_rt.dylib
0x000000005b559000 	/usr/lib/system/libcopyfile.dylib
0x000000005b559000 	/usr/lib/system/libcorecrypto.dylib
0x000000005b559000 	/usr/lib/system/libdispatch.dylib
0x000000005b559000 	/usr/lib/system/libdyld.dylib
0x000000005b559000 	/usr/lib/system/libkeymgr.dylib
0x000000005b559000 	/usr/lib/system/liblaunch.dylib
0x000000005b559000 	/usr/lib/system/libmacho.dylib
0x000000005b559000 	/usr/lib/system/libquarantine.dylib
0x000000005b559000 	/usr/lib/system/libremovefile.dylib
0x000000005b559000 	/usr/lib/system/libsystem_asl.dylib
0x000000005b559000 	/usr/lib/system/libsystem_blocks.dylib
0x000000005b559000 	/usr/lib/system/libsystem_c.dylib
0x000000005b559000 	/usr/lib/system/libsystem_configuration.dylib
0x000000005b559000 	/usr/lib/system/libsystem_coreservices.dylib
0x000000005b559000 	/usr/lib/system/libsystem_coretls.dylib
0x000000005b559000 	/usr/lib/system/libsystem_dnssd.dylib
0x000000005b559000 	/usr/lib/system/libsystem_info.dylib
0x000000005b559000 	/usr/lib/system/libsystem_kernel.dylib
0x000000005b559000 	/usr/lib/system/libsystem_m.dylib
0x000000005b559000 	/usr/lib/system/libsystem_malloc.dylib
0x000000005b559000 	/usr/lib/system/libsystem_network.dylib
0x000000005b559000 	/usr/lib/system/libsystem_networkextension.dylib
0x000000005b559000 	/usr/lib/system/libsystem_notify.dylib
0x000000005b559000 	/usr/lib/system/libsystem_platform.dylib
0x000000005b559000 	/usr/lib/system/libsystem_pthread.dylib
0x000000005b559000 	/usr/lib/system/libsystem_sandbox.dylib
0x000000005b559000 	/usr/lib/system/libsystem_secinit.dylib
0x000000005b559000 	/usr/lib/system/libsystem_symptoms.dylib
0x000000005b559000 	/usr/lib/system/libsystem_trace.dylib
0x000000005b559000 	/usr/lib/system/libunwind.dylib
0x000000005b559000 	/usr/lib/system/libxpc.dylib
0x000000005b559000 	/usr/lib/libbsm.0.dylib
0x000000005b559000 	/usr/lib/system/libkxld.dylib
0x000000005b559000 	/usr/lib/libcoretls.dylib
0x000000005b559000 	/usr/lib/libcoretls_cfhelpers.dylib
0x000000005b559000 	/usr/lib/libOpenScriptingUtil.dylib
0x000000005b559000 	/usr/lib/libpam.2.dylib
0x000000005b559000 	/usr/lib/libsqlite3.dylib
0x000000005b559000 	/usr/lib/libxar.1.dylib
0x000000005b559000 	/usr/lib/libbz2.1.0.dylib
0x000000005b559000 	/usr/lib/liblzma.5.dylib
0x000000005b559000 	/usr/lib/libnetwork.dylib
0x000000005b559000 	/usr/lib/libpcap.A.dylib
0x000000005b559000 	/System/Library/Frameworks/CoreServices.framework/Versions/A/Frameworks/FSEvents.framework/Versions/A/FSEvents
0x000000005b559000 	/System/Library/Frameworks/CoreServices.framework/Versions/A/Frameworks/CarbonCore.framework/Versions/A/CarbonCore
0x000000005b559000 	/System/Library/Frameworks/CoreServices.framework/Versions/A/Frameworks/Metadata.framework/Versions/A/Metadata
0x000000005b559000 	/System/Library/Frameworks/CoreServices.framework/Versions/A/Frameworks/OSServices.framework/Versions/A/OSServices
0x000000005b559000 	/System/Library/Frameworks/CoreServices.framework/Versions/A/Frameworks/SearchKit.framework/Versions/A/SearchKit
0x000000005b559000 	/System/Library/Frameworks/CoreServices.framework/Versions/A/Frameworks/AE.framework/Versions/A/AE
0x000000005b559000 	/System/Library/Frameworks/CoreServices.framework/Versions/A/Frameworks/LaunchServices.framework/Versions/A/LaunchServices
0x000000005b559000 	/System/Library/Frameworks/CoreServices.framework/Versions/A/Frameworks/DictionaryServices.framework/Versions/A/DictionaryServices
0x000000005b559000 	/System/Library/Frameworks/CoreServices.framework/Versions/A/Frameworks/SharedFileList.framework/Versions/A/SharedFileList
0x000000005b559000 	/System/Library/Frameworks/NetFS.framework/Versions/A/NetFS
0x000000005b559000 	/System/Library/PrivateFrameworks/NetAuth.framework/Versions/A/NetAuth
0x000000005b559000 	/System/Library/PrivateFrameworks/login.framework/Versions/A/Frameworks/loginsupport.framework/Versions/A/loginsupport
0x000000005b559000 	/System/Library/PrivateFrameworks/TCC.framework/Versions/A/TCC
0x000000005b559000 	/usr/lib/libmecabra.dylib
0x000000005b559000 	/System/Library/Frameworks/ApplicationServices.framework/Versions/A/Frameworks/ATS.framework/Versions/A/ATS
0x000000005b559000 	/System/Library/Frameworks/ApplicationServices.framework/Versions/A/Frameworks/ColorSync.framework/Versions/A/ColorSync
0x000000005b559000 	/System/Library/Frameworks/ApplicationServices.framework/Versions/A/Frameworks/HIServices.framework/Versions/A/HIServices
0x000000005b559000 	/System/Library/Frameworks/ApplicationServices.framework/Versions/A/Frameworks/LangAnalysis.framework/Versions/A/LangAnalysis
0x000000005b559000 	/System/Library/Frameworks/ApplicationServices.framework/Versions/A/Frameworks/PrintCore.framework/Versions/A/PrintCore
0x000000005b559000 	/System/Library/Frameworks/ApplicationServices.framework/Versions/A/Frameworks/QD.framework/Versions/A/QD
0x000000005b559000 	/System/Library/Frameworks/ApplicationServices.framework/Versions/A/Frameworks/SpeechSynthesis.framework/Versions/A/SpeechSynthesis
0x000000005b559000 	/System/Library/Frameworks/Accelerate.framework/Versions/A/Frameworks/vImage.framework/Versions/A/vImage
0x000000005b559000 	/System/Library/Frameworks/Accelerate.framework/Versions/A/Frameworks/vecLib.framework/Versions/A/vecLib
0x000000005b559000 	/System/Library/Frameworks/Accelerate.framework/Versions/A/Frameworks/vecLib.framework/Versions/A/libvDSP.dylib
0x000000005b559000 	/System/Library/Frameworks/Accelerate.framework/Versions/A/Frameworks/vecLib.framework/Versions/A/libBNNS.dylib
0x000000005b559000 	/System/Library/Frameworks/Accelerate.framework/Versions/A/Frameworks/vecLib.framework/Versions/A/libQuadrature.dylib
0x000000005b559000 	/System/Library/Frameworks/Accelerate.framework/Versions/A/Frameworks/vecLib.framework/Versions/A/libvMisc.dylib
0x000000005b559000 	/System/Library/Frameworks/Accelerate.framework/Versions/A/Frameworks/vecLib.framework/Versions/A/libLAPACK.dylib
0x000000005b559000 	/System/Library/Frameworks/Accelerate.framework/Versions/A/Frameworks/vecLib.framework/Versions/A/libBLAS.dylib
0x000000005b559000 	/System/Library/Frameworks/Accelerate.framework/Versions/A/Frameworks/vecLib.framework/Versions/A/libLinearAlgebra.dylib
0x000000005b559000 	/System/Library/Frameworks/Accelerate.framework/Versions/A/Frameworks/vecLib.framework/Versions/A/libSparseBLAS.dylib
0x000000005b559000 	/System/Library/Frameworks/ApplicationServices.framework/Versions/A/Frameworks/ATS.framework/Versions/A/Resources/libFontParser.dylib
0x000000005b559000 	/System/Library/Frameworks/ApplicationServices.framework/Versions/A/Frameworks/ATS.framework/Versions/A/Resources/libFontRegistry.dylib
0x000000005b559000 	/System/Library/Frameworks/ImageIO.framework/Versions/A/Resources/libJPEG.dylib
0x000000005b559000 	/System/Library/Frameworks/ImageIO.framework/Versions/A/Resources/libTIFF.dylib
0x000000005b559000 	/System/Library/Frameworks/ImageIO.framework/Versions/A/Resources/libPng.dylib
0x000000005b559000 	/System/Library/Frameworks/ImageIO.framework/Versions/A/Resources/libGIF.dylib
0x000000005b559000 	/System/Library/Frameworks/ImageIO.framework/Versions/A/Resources/libJP2.dylib
0x000000005b559000 	/System/Library/Frameworks/ImageIO.framework/Versions/A/Resources/libRadiance.dylib
0x000000005b559000 	/usr/lib/libcompression.dylib
0x000000005b559000 	/System/Library/PrivateFrameworks/AppleJPEG.framework/Versions/A/AppleJPEG
0x000000005b559000 	/usr/lib/libcups.2.dylib
0x000000005b559000 	/System/Library/Frameworks/Kerberos.framework/Versions/A/Kerberos
0x000000005b559000 	/System/Library/Frameworks/GSS.framework/Versions/A/GSS
0x000000005b559000 	/usr/lib/libresolv.9.dylib
0x000000005b559000 	/usr/lib/libiconv.2.dylib
0x000000005b559000 	/System/Library/PrivateFrameworks/Heimdal.framework/Versions/A/Heimdal
0x000000005b559000 	/usr/lib/libheimdal-asn1.dylib
0x000000005b559000 	/System/Library/Frameworks/OpenDirectory.framework/Versions/A/OpenDirectory
0x000000005b559000 	/System/Library/PrivateFrameworks/CommonAuth.framework/Versions/A/CommonAuth
0x000000005b559000 	/System/Library/Frameworks/OpenDirectory.framework/Versions/A/Frameworks/CFOpenDirectory.framework/Versions/A/CFOpenDirectory
0x000000005b559000 	/System/Library/Frameworks/SecurityFoundation.framework/Versions/A/SecurityFoundation
0x000000005b559000 	/System/Library/PrivateFrameworks/LanguageModeling.framework/Versions/A/LanguageModeling
0x000000005b559000 	/usr/lib/libmarisa.dylib
0x000000005b559000 	/usr/lib/libChineseTokenizer.dylib
0x000000005b559000 	/usr/lib/libcmph.dylib
0x000000005b559000 	/System/Library/PrivateFrameworks/CoreEmoji.framework/Versions/A/CoreEmoji
0x000000005b559000 	/System/Library/Frameworks/ServiceManagement.framework/Versions/A/ServiceManagement
0x000000005b559000 	/usr/lib/libxslt.1.dylib
0x000000005b559000 	/System/Library/Frameworks/Carbon.framework/Versions/A/Frameworks/Ink.framework/Versions/A/Ink
0x000000005b559000 	/System/Library/PrivateFrameworks/TextureIO.framework/Versions/A/TextureIO
0x000000005b559000 	/System/Library/Frameworks/Metal.framework/Versions/A/Metal
0x000000005b559000 	/usr/lib/libate.dylib
0x000000005b559000 	/System/Library/PrivateFrameworks/GPUCompiler.framework/libmetal_timestamp.dylib
0x000000005b559000 	/System/Library/Frameworks/OpenGL.framework/Versions/A/Libraries/libCoreFSCache.dylib
0x000000005b559000 	/System/Library/PrivateFrameworks/IOAccelerator.framework/Versions/A/IOAccelerator
0x000000005b559000 	/System/Library/Frameworks/CoreVideo.framework/Versions/A/CoreVideo
0x000000005b559000 	/usr/lib/libFosl_dynamic.dylib
0x000000005b559000 	/System/Library/PrivateFrameworks/MetalPerformanceShaders.framework/Versions/A/MetalPerformanceShaders
0x000000005b559000 	/System/Library/PrivateFrameworks/FaceCore.framework/Versions/A/FaceCore
0x000000005b559000 	/System/Library/Frameworks/OpenCL.framework/Versions/A/OpenCL
0x000000005b559000 	/System/Library/Frameworks/OpenGL.framework/Versions/A/Libraries/libGLU.dylib
0x000000005b559000 	/System/Library/Frameworks/OpenGL.framework/Versions/A/Libraries/libGFXShared.dylib
0x000000005b559000 	/System/Library/Frameworks/OpenGL.framework/Versions/A/Libraries/libGL.dylib
0x000000005b559000 	/System/Library/Frameworks/OpenGL.framework/Versions/A/Libraries/libGLImage.dylib
0x000000005b559000 	/System/Library/Frameworks/OpenGL.framework/Versions/A/Libraries/libCVMSPluginSupport.dylib
0x000000005b559000 	/System/Library/Frameworks/OpenGL.framework/Versions/A/Libraries/libCoreVMClient.dylib
0x000000005b559000 	/System/Library/PrivateFrameworks/CrashReporterSupport.framework/Versions/A/CrashReporterSupport
0x000000005b559000 	/System/Library/PrivateFrameworks/Sharing.framework/Versions/A/Sharing
0x000000005b559000 	/System/Library/PrivateFrameworks/IconServices.framework/Versions/A/IconServices
0x000000005b559000 	/System/Library/PrivateFrameworks/ProtocolBuffer.framework/Versions/A/ProtocolBuffer
0x000000005b559000 	/System/Library/PrivateFrameworks/Apple80211.framework/Versions/A/Apple80211
0x000000005b559000 	/System/Library/Frameworks/CoreWLAN.framework/Versions/A/CoreWLAN
0x000000005b559000 	/System/Library/PrivateFrameworks/CoreUtils.framework/Versions/A/CoreUtils
0x000000005b559000 	/System/Library/Frameworks/IOBluetooth.framework/Versions/A/IOBluetooth
0x000000005b559000 	/System/Library/PrivateFrameworks/CoreWiFi.framework/Versions/A/CoreWiFi
0x000000005b559000 	/System/Library/Frameworks/CoreBluetooth.framework/Versions/A/CoreBluetooth
0x000000005b559000 	/System/Library/Frameworks/CoreDisplay.framework/Versions/A/CoreDisplay
0x000000005b559000 	/System/Library/PrivateFrameworks/IOPresentment.framework/Versions/A/IOPresentment
0x000000005b559000 	/System/Library/PrivateFrameworks/DSExternalDisplay.framework/Versions/A/DSExternalDisplay
0x000000005b559000 	/System/Library/PrivateFrameworks/DebugSymbols.framework/Versions/A/DebugSymbols
0x000000005b559000 	/System/Library/PrivateFrameworks/CoreSymbolication.framework/Versions/A/CoreSymbolication
0x000000005b559000 	/System/Library/PrivateFrameworks/Symbolication.framework/Versions/A/Symbolication
0x000000005b559000 	/System/Library/PrivateFrameworks/AppleFSCompression.framework/Versions/A/AppleFSCompression
0x000000005b559000 	/System/Library/PrivateFrameworks/SpeechRecognitionCore.framework/Versions/A/SpeechRecognitionCore
0x000000005b559000 	/System/Library/PrivateFrameworks/ChunkingLibrary.framework/Versions/A/ChunkingLibrary
0x000000010e000000 	/Library/Java/JavaVirtualMachines/jdk1.7.0_67.jdk/Contents/Home/jre/lib/server/libjvm.dylib
0x000000005b559000 	/usr/lib/libstdc++.6.dylib
0x000000010ce73000 	/Library/Java/JavaVirtualMachines/jdk1.7.0_67.jdk/Contents/Home/jre/lib/libverify.dylib
0x000000010ce80000 	/Library/Java/JavaVirtualMachines/jdk1.7.0_67.jdk/Contents/Home/jre/lib/libjava.dylib
0x000000010ceb1000 	/Library/Java/JavaVirtualMachines/jdk1.7.0_67.jdk/Contents/Home/jre/lib/libjdwp.dylib
0x000000010ceee000 	/Library/Java/JavaVirtualMachines/jdk1.7.0_67.jdk/Contents/Home/jre/lib/libnpt.dylib
0x000000010cefb000 	/Library/Java/JavaVirtualMachines/jdk1.7.0_67.jdk/Contents/Home/jre/lib/libzip.dylib
0x0000000113cbe000 	/System/Library/Frameworks/JavaVM.framework/Frameworks/JavaRuntimeSupport.framework/JavaRuntimeSupport
0x0000000113cd8000 	/System/Library/Frameworks/JavaVM.framework/Versions/A/Frameworks/JavaNativeFoundation.framework/Versions/A/JavaNativeFoundation
0x000000010cfee000 	/System/Library/Frameworks/JavaVM.framework/Versions/A/JavaVM
0x000000005b559000 	/System/Library/Frameworks/Carbon.framework/Versions/A/Carbon
0x0000000113ced000 	/System/Library/PrivateFrameworks/JavaLaunching.framework/Versions/A/JavaLaunching
0x000000005b559000 	/System/Library/Frameworks/Carbon.framework/Versions/A/Frameworks/CommonPanels.framework/Versions/A/CommonPanels
0x000000005b559000 	/System/Library/Frameworks/Carbon.framework/Versions/A/Frameworks/Help.framework/Versions/A/Help
0x000000005b559000 	/System/Library/Frameworks/Carbon.framework/Versions/A/Frameworks/ImageCapture.framework/Versions/A/ImageCapture
0x000000005b559000 	/System/Library/Frameworks/Carbon.framework/Versions/A/Frameworks/OpenScripting.framework/Versions/A/OpenScripting
0x000000005b559000 	/System/Library/Frameworks/Carbon.framework/Versions/A/Frameworks/Print.framework/Versions/A/Print
0x000000005b559000 	/System/Library/Frameworks/Carbon.framework/Versions/A/Frameworks/SecurityHI.framework/Versions/A/SecurityHI
0x0000000113d41000 	/Library/Java/JavaVirtualMachines/jdk1.7.0_67.jdk/Contents/Home/jre/lib/libdt_socket.dylib

VM Arguments:
jvm_args: -agentlib:jdwp=transport=dt_socket,suspend=y,address=localhost:50895 -Dfile.encoding=UTF-8 
java_command: palindromicDecomposition
Launcher Type: SUN_STANDARD

Environment Variables:
PATH=/usr/bin:/bin:/usr/sbin:/sbin
SHELL=/bin/bash

Signal Handlers:
SIGSEGV: [libjvm.dylib+0x52b6c9], sa_mask[0]=0xfffefeff, sa_flags=0x00000043
SIGBUS: [libjvm.dylib+0x52b6c9], sa_mask[0]=0xfffefeff, sa_flags=0x00000042
SIGFPE: [libjvm.dylib+0x41deaa], sa_mask[0]=0xfffefeff, sa_flags=0x00000042
SIGPIPE: [libjvm.dylib+0x41deaa], sa_mask[0]=0xfffefeff, sa_flags=0x00000042
SIGXFSZ: [libjvm.dylib+0x41deaa], sa_mask[0]=0xfffefeff, sa_flags=0x00000042
SIGILL: [libjvm.dylib+0x41deaa], sa_mask[0]=0xfffefeff, sa_flags=0x00000042
SIGUSR1: SIG_DFL, sa_mask[0]=0x00000000, sa_flags=0x00000000
SIGUSR2: [libjvm.dylib+0x41d99c], sa_mask[0]=0x00000004, sa_flags=0x00000042
SIGHUP: [libjvm.dylib+0x41bc2d], sa_mask[0]=0xfffefeff, sa_flags=0x00000042
SIGINT: [libjvm.dylib+0x41bc2d], sa_mask[0]=0xfffefeff, sa_flags=0x00000042
SIGTERM: [libjvm.dylib+0x41bc2d], sa_mask[0]=0xfffefeff, sa_flags=0x00000042
SIGQUIT: [libjvm.dylib+0x41bc2d], sa_mask[0]=0xfffefeff, sa_flags=0x00000042


---------------  S Y S T E M  ---------------

OS:Bsduname:Darwin 16.6.0 Darwin Kernel Version 16.6.0: Fri Apr 14 16:21:16 PDT 2017; root:xnu-3789.60.24~6/RELEASE_X86_64 x86_64
rlimit: STACK 8192k, CORE 0k, NPROC 709, NOFILE 10240, AS infinity
load average:1.88 2.05 1.97

CPU:total 8 (4 cores per cpu, 2 threads per core) family 6 model 58 stepping 9, cmov, cx8, fxsr, mmx, sse, sse2, sse3, ssse3, sse4.1, sse4.2, popcnt, avx, aes, erms, ht, tsc, tscinvbit, tscinv

Memory: 4k page, physical 8388608k(2097152k free)

/proc/meminfo:


vm_info: Java HotSpot(TM) 64-Bit Server VM (24.65-b04) for bsd-amd64 JRE (1.7.0_67-b01), built on Jul 25 2014 08:51:51 by "java_re" with gcc 4.2.1 (Based on Apple Inc. build 5658) (LLVM build 2336.11.00)

time: Mon Jun 19 15:33:35 2017
elapsed time: 805 seconds

